# JRE version: 7.0_07-b10
# Java VM: Java HotSpot(TM) 64-Bit Server VM (23.3-b01 mixed mode windows-amd64 compressed oops)
Heap
 PSYoungGen      total 919616K, used 318226K [0x0000000795560000, 0x00000007e8720000, 0x0000000800000000)
  eden space 560448K, 43% used [0x0000000795560000,0x00000007a4428d20,0x00000007b78b0000)
  from space 359168K, 20% used [0x00000007d2860000,0x00000007d705bc68,0x00000007e8720000)
  to   space 305088K, 0% used [0x00000007b78b0000,0x00000007b78b0000,0x00000007ca2a0000)
 ParOldGen       total 808960K, used 808959K [0x00000006c0000000, 0x00000006f1600000, 0x0000000795560000)
  object space 808960K, 99% used [0x00000006c0000000,0x00000006f15ffc30,0x00000006f1600000)
 PSPermGen       total 21248K, used 6388K [0x00000006bae00000, 0x00000006bc2c0000, 0x00000006c0000000)
  object space 21248K, 30% used [0x00000006bae00000,0x00000006bb43d0d8,0x00000006bc2c0000)
GC Heap History (10 events):
Event: 63.258 GC heap before
{Heap before GC invocations=24 (full 5):
 PSYoungGen      total 741056K, used 698774K [0x0000000795560000, 0x00000007d3990000, 0x0000000800000000)
  eden space 526336K, 100% used [0x0000000795560000,0x00000007b5760000,0x00000007b5760000)
  from space 214720K, 80% used [0x00000007c3bd0000,0x00000007ce435b80,0x00000007d0d80000)
  to   space 233920K, 0% used [0x00000007b5760000,0x00000007b5760000,0x00000007c3bd0000)
 ParOldGen       total 808960K, used 482840K [0x00000006c0000000, 0x00000006f1600000, 0x0000000795560000)
  object space 808960K, 59% used [0x00000006c0000000,0x00000006dd7862d8,0x00000006f1600000)
 PSPermGen       total 21248K, used 6302K [0x00000006bae00000, 0x00000006bc2c0000, 0x00000006c0000000)
  object space 21248K, 29% used [0x00000006bae00000,0x00000006bb427840,0x00000006bc2c0000)
Event: 64.029 GC heap after
Heap after GC invocations=24 (full 5):
 PSYoungGen      total 760256K, used 233898K [0x0000000795560000, 0x00000007db020000, 0x0000000800000000)
  eden space 526336K, 0% used [0x0000000795560000,0x0000000795560000,0x00000007b5760000)
  from space 233920K, 99% used [0x00000007b5760000,0x00000007c3bcaae8,0x00000007c3bd0000)
  to   space 275968K, 0% used [0x00000007ca2a0000,0x00000007ca2a0000,0x00000007db020000)
 ParOldGen       total 808960K, used 494759K [0x00000006c0000000, 0x00000006f1600000, 0x0000000795560000)
  object space 808960K, 61% used [0x00000006c0000000,0x00000006de329fe0,0x00000006f1600000)
 PSPermGen       total 21248K, used 6302K [0x00000006bae00000, 0x00000006bc2c0000, 0x00000006c0000000)
  object space 21248K, 29% used [0x00000006bae00000,0x00000006bb427840,0x00000006bc2c0000)
}
Event: 65.866 GC heap before
{Heap before GC invocations=25 (full 5):
 PSYoungGen      total 760256K, used 760234K [0x0000000795560000, 0x00000007db020000, 0x0000000800000000)
  eden space 526336K, 100% used [0x0000000795560000,0x00000007b5760000,0x00000007b5760000)
  from space 233920K, 99% used [0x00000007b5760000,0x00000007c3bcaae8,0x00000007c3bd0000)
  to   space 275968K, 0% used [0x00000007ca2a0000,0x00000007ca2a0000,0x00000007db020000)
 ParOldGen       total 808960K, used 494759K [0x00000006c0000000, 0x00000006f1600000, 0x0000000795560000)
  object space 808960K, 61% used [0x00000006c0000000,0x00000006de329fe0,0x00000006f1600000)
 PSPermGen       total 21248K, used 6304K [0x00000006bae00000, 0x00000006bc2c0000, 0x00000006c0000000)
  object space 21248K, 29% used [0x00000006bae00000,0x00000006bb428390,0x00000006bc2c0000)
Event: 66.892 GC heap after
Heap after GC invocations=25 (full 5):
 PSYoungGen      total 836416K, used 233221K [0x0000000795560000, 0x00000007df3e0000, 0x0000000800000000)
  eden space 560448K, 0% used [0x0000000795560000,0x0000000795560000,0x00000007b78b0000)
  from space 275968K, 84% used [0x00000007ca2a0000,0x00000007d86615f0,0x00000007db020000)
  to   space 305088K, 0% used [0x00000007b78b0000,0x00000007b78b0000,0x00000007ca2a0000)
 ParOldGen       total 808960K, used 573798K [0x00000006c0000000, 0x00000006f1600000, 0x0000000795560000)
  object space 808960K, 70% used [0x00000006c0000000,0x00000006e3059ba0,0x00000006f1600000)
 PSPermGen       total 21248K, used 6304K [0x00000006bae00000, 0x00000006bc2c0000, 0x00000006c0000000)
  object space 21248K, 29% used [0x00000006bae00000,0x00000006bb428390,0x00000006bc2c0000)
}
Event: 69.678 GC heap before
{Heap before GC invocations=26 (full 5):
 PSYoungGen      total 836416K, used 793669K [0x0000000795560000, 0x00000007df3e0000, 0x0000000800000000)
  eden space 560448K, 100% used [0x0000000795560000,0x00000007b78b0000,0x00000007b78b0000)
  from space 275968K, 84% used [0x00000007ca2a0000,0x00000007d86615f0,0x00000007db020000)
  to   space 305088K, 0% used [0x00000007b78b0000,0x00000007b78b0000,0x00000007ca2a0000)
 ParOldGen       total 808960K, used 573798K [0x00000006c0000000, 0x00000006f1600000, 0x0000000795560000)
  object space 808960K, 70% used [0x00000006c0000000,0x00000006e3059ba0,0x00000006f1600000)
 PSPermGen       total 21248K, used 6306K [0x00000006bae00000, 0x00000006bc2c0000, 0x00000006c0000000)
  object space 21248K, 29% used [0x00000006bae00000,0x00000006bb428ad8,0x00000006bc2c0000)
Event: 70.777 GC heap after
Heap after GC invocations=26 (full 5):
 PSYoungGen      total 865536K, used 305056K [0x0000000795560000, 0x00000007e8720000, 0x0000000800000000)
  eden space 560448K, 0% used [0x0000000795560000,0x0000000795560000,0x00000007b78b0000)
  from space 305088K, 99% used [0x00000007b78b0000,0x00000007ca298040,0x00000007ca2a0000)
  to   space 359168K, 0% used [0x00000007d2860000,0x00000007d2860000,0x00000007e8720000)
 ParOldGen       total 808960K, used 586320K [0x00000006c0000000, 0x00000006f1600000, 0x0000000795560000)
  object space 808960K, 72% used [0x00000006c0000000,0x00000006e3c94098,0x00000006f1600000)
 PSPermGen       total 21248K, used 6306K [0x00000006bae00000, 0x00000006bc2c0000, 0x00000006c0000000)
  object space 21248K, 29% used [0x00000006bae00000,0x00000006bb428ad8,0x00000006bc2c0000)
}
Event: 73.242 GC heap before
{Heap before GC invocations=27 (full 5):
 PSYoungGen      total 865536K, used 865504K [0x0000000795560000, 0x00000007e8720000, 0x0000000800000000)
  eden space 560448K, 100% used [0x0000000795560000,0x00000007b78b0000,0x00000007b78b0000)
  from space 305088K, 99% used [0x00000007b78b0000,0x00000007ca298040,0x00000007ca2a0000)
  to   space 359168K, 0% used [0x00000007d2860000,0x00000007d2860000,0x00000007e8720000)
 ParOldGen       total 808960K, used 586320K [0x00000006c0000000, 0x00000006f1600000, 0x0000000795560000)
  object space 808960K, 72% used [0x00000006c0000000,0x00000006e3c94098,0x00000006f1600000)
 PSPermGen       total 21248K, used 6375K [0x00000006bae00000, 0x00000006bc2c0000, 0x00000006c0000000)
  object space 21248K, 30% used [0x00000006bae00000,0x00000006bb439c90,0x00000006bc2c0000)
Event: 74.673 GC heap after
Heap after GC invocations=27 (full 5):
 PSYoungGen      total 919616K, used 246788K [0x0000000795560000, 0x00000007e8720000, 0x0000000800000000)
  eden space 560448K, 0% used [0x0000000795560000,0x0000000795560000,0x00000007b78b0000)
  from space 359168K, 68% used [0x00000007d2860000,0x00000007e1961030,0x00000007e8720000)
  to   space 305088K, 0% used [0x00000007b78b0000,0x00000007b78b0000,0x00000007ca2a0000)
 ParOldGen       total 808960K, used 734254K [0x00000006c0000000, 0x00000006f1600000, 0x0000000795560000)
  object space 808960K, 90% used [0x00000006c0000000,0x00000006ecd0b948,0x00000006f1600000)
 PSPermGen       total 21248K, used 6375K [0x00000006bae00000, 0x00000006bc2c0000, 0x00000006c0000000)
  object space 21248K, 30% used [0x00000006bae00000,0x00000006bb439c90,0x00000006bc2c0000)
}
Event: 74.673 GC heap before
{Heap before GC invocations=28 (full 6):
 PSYoungGen      total 919616K, used 246788K [0x0000000795560000, 0x00000007e8720000, 0x0000000800000000)
  eden space 560448K, 0% used [0x0000000795560000,0x0000000795560000,0x00000007b78b0000)
  from space 359168K, 68% used [0x00000007d2860000,0x00000007e1961030,0x00000007e8720000)
  to   space 305088K, 0% used [0x00000007b78b0000,0x00000007b78b0000,0x00000007ca2a0000)
 ParOldGen       total 808960K, used 734254K [0x00000006c0000000, 0x00000006f1600000, 0x0000000795560000)
  object space 808960K, 90% used [0x00000006c0000000,0x00000006ecd0b948,0x00000006f1600000)
 PSPermGen       total 21248K, used 6375K [0x00000006bae00000, 0x00000006bc2c0000, 0x00000006c0000000)
  object space 21248K, 30% used [0x00000006bae00000,0x00000006bb439c90,0x00000006bc2c0000)
Event: 85.791 GC heap after
Heap after GC invocations=28 (full 6):
 PSYoungGen      total 919616K, used 73711K [0x0000000795560000, 0x00000007e8720000, 0x0000000800000000)
  eden space 560448K, 0% used [0x0000000795560000,0x0000000795560000,0x00000007b78b0000)
  from space 359168K, 20% used [0x00000007d2860000,0x00000007d705bc68,0x00000007e8720000)
  to   space 305088K, 0% used [0x00000007b78b0000,0x00000007b78b0000,0x00000007ca2a0000)
 ParOldGen       total 808960K, used 808959K [0x00000006c0000000, 0x00000006f1600000, 0x0000000795560000)
  object space 808960K, 99% used [0x00000006c0000000,0x00000006f15ffc30,0x00000006f1600000)
 PSPermGen       total 21248K, used 6374K [0x00000006bae00000, 0x00000006bc2c0000, 0x00000006c0000000)
  object space 21248K, 30% used [0x00000006bae00000,0x00000006bb439b40,0x00000006bc2c0000)
}

