# JRE version: 7.0_07-b10
# Java VM: Java HotSpot(TM) 64-Bit Server VM (23.3-b01 mixed mode windows-amd64 compressed oops)
Heap
 PSYoungGen      total 556096K, used 403665K [0x00000007aaab0000, 0x00000007dc500000, 0x0000000800000000)
  eden space 441920K, 65% used [0x00000007aaab0000,0x00000007bc564d60,0x00000007c5a40000)
  from space 114176K, 99% used [0x00000007c5a40000,0x00000007cc9bf990,0x00000007cc9c0000)
  to   space 162560K, 0% used [0x00000007d2640000,0x00000007d2640000,0x00000007dc500000)
 ParOldGen       total 627392K, used 485111K [0x0000000700000000, 0x00000007264b0000, 0x00000007aaab0000)
  object space 627392K, 77% used [0x0000000700000000,0x000000071d9bdfe8,0x00000007264b0000)
 PSPermGen       total 21248K, used 6414K [0x00000006fae00000, 0x00000006fc2c0000, 0x0000000700000000)
  object space 21248K, 30% used [0x00000006fae00000,0x00000006fb4438b8,0x00000006fc2c0000)
GC Heap History (10 events):
Event: 35.463 GC heap before
{Heap before GC invocations=19 (full 3):
 PSYoungGen      total 433792K, used 400505K [0x00000007aaab0000, 0x00000007cf630000, 0x0000000800000000)
  eden space 348800K, 100% used [0x00000007aaab0000,0x00000007bff50000,0x00000007bff50000)
  from space 84992K, 60% used [0x00000007bff50000,0x00000007c31ce6e0,0x00000007c5250000)
  to   space 89920K, 0% used [0x00000007c9e60000,0x00000007c9e60000,0x00000007cf630000)
 ParOldGen       total 404672K, used 245373K [0x0000000700000000, 0x0000000718b30000, 0x00000007aaab0000)
  object space 404672K, 60% used [0x0000000700000000,0x000000070ef9f758,0x0000000718b30000)
 PSPermGen       total 21248K, used 6334K [0x00000006fae00000, 0x00000006fc2c0000, 0x0000000700000000)
  object space 21248K, 29% used [0x00000006fae00000,0x00000006fb42f818,0x00000006fc2c0000)
Event: 35.809 GC heap after
Heap after GC invocations=19 (full 3):
 PSYoungGen      total 491776K, used 89891K [0x00000007aaab0000, 0x00000007d0ca0000, 0x0000000800000000)
  eden space 401856K, 0% used [0x00000007aaab0000,0x00000007aaab0000,0x00000007c3320000)
  from space 89920K, 99% used [0x00000007c9e60000,0x00000007cf628f98,0x00000007cf630000)
  to   space 109824K, 0% used [0x00000007c3320000,0x00000007c3320000,0x00000007c9e60000)
 ParOldGen       total 404672K, used 257853K [0x0000000700000000, 0x0000000718b30000, 0x00000007aaab0000)
  object space 404672K, 63% used [0x0000000700000000,0x000000070fbcf5b0,0x0000000718b30000)
 PSPermGen       total 21248K, used 6334K [0x00000006fae00000, 0x00000006fc2c0000, 0x0000000700000000)
  object space 21248K, 29% used [0x00000006fae00000,0x00000006fb42f818,0x00000006fc2c0000)
}
Event: 37.135 GC heap before
{Heap before GC invocations=20 (full 3):
 PSYoungGen      total 491776K, used 491747K [0x00000007aaab0000, 0x00000007d0ca0000, 0x0000000800000000)
  eden space 401856K, 100% used [0x00000007aaab0000,0x00000007c3320000,0x00000007c3320000)
  from space 89920K, 99% used [0x00000007c9e60000,0x00000007cf628f98,0x00000007cf630000)
  to   space 109824K, 0% used [0x00000007c3320000,0x00000007c3320000,0x00000007c9e60000)
 ParOldGen       total 404672K, used 257853K [0x0000000700000000, 0x0000000718b30000, 0x00000007aaab0000)
  object space 404672K, 63% used [0x0000000700000000,0x000000070fbcf5b0,0x0000000718b30000)
 PSPermGen       total 21248K, used 6385K [0x00000006fae00000, 0x00000006fc2c0000, 0x0000000700000000)
  object space 21248K, 30% used [0x00000006fae00000,0x00000006fb43c450,0x00000006fc2c0000)
Event: 37.593 GC heap after
Heap after GC invocations=20 (full 3):
 PSYoungGen      total 511680K, used 64201K [0x00000007aaab0000, 0x00000007d4180000, 0x0000000800000000)
  eden space 401856K, 0% used [0x00000007aaab0000,0x00000007aaab0000,0x00000007c3320000)
  from space 109824K, 58% used [0x00000007c3320000,0x00000007c71d24f8,0x00000007c9e60000)
  to   space 111680K, 0% used [0x00000007cd470000,0x00000007cd470000,0x00000007d4180000)
 ParOldGen       total 404672K, used 348219K [0x0000000700000000, 0x0000000718b30000, 0x00000007aaab0000)
  object space 404672K, 86% used [0x0000000700000000,0x000000071540eea8,0x0000000718b30000)
 PSPermGen       total 21248K, used 6385K [0x00000006fae00000, 0x00000006fc2c0000, 0x0000000700000000)
  object space 21248K, 30% used [0x00000006fae00000,0x00000006fb43c450,0x00000006fc2c0000)
}
Event: 37.594 GC heap before
{Heap before GC invocations=21 (full 4):
 PSYoungGen      total 511680K, used 64201K [0x00000007aaab0000, 0x00000007d4180000, 0x0000000800000000)
  eden space 401856K, 0% used [0x00000007aaab0000,0x00000007aaab0000,0x00000007c3320000)
  from space 109824K, 58% used [0x00000007c3320000,0x00000007c71d24f8,0x00000007c9e60000)
  to   space 111680K, 0% used [0x00000007cd470000,0x00000007cd470000,0x00000007d4180000)
 ParOldGen       total 404672K, used 348219K [0x0000000700000000, 0x0000000718b30000, 0x00000007aaab0000)
  object space 404672K, 86% used [0x0000000700000000,0x000000071540eea8,0x0000000718b30000)
 PSPermGen       total 21248K, used 6385K [0x00000006fae00000, 0x00000006fc2c0000, 0x0000000700000000)
  object space 21248K, 30% used [0x00000006fae00000,0x00000006fb43c450,0x00000006fc2c0000)
Event: 42.807 GC heap after
Heap after GC invocations=21 (full 4):
 PSYoungGen      total 511680K, used 3312K [0x00000007aaab0000, 0x00000007d4180000, 0x0000000800000000)
  eden space 401856K, 0% used [0x00000007aaab0000,0x00000007aaab0000,0x00000007c3320000)
  from space 109824K, 3% used [0x00000007c3320000,0x00000007c365c108,0x00000007c9e60000)
  to   space 111680K, 0% used [0x00000007cd470000,0x00000007cd470000,0x00000007d4180000)
 ParOldGen       total 627392K, used 404671K [0x0000000700000000, 0x00000007264b0000, 0x00000007aaab0000)
  object space 627392K, 64% used [0x0000000700000000,0x0000000718b2fd10,0x00000007264b0000)
 PSPermGen       total 21248K, used 6385K [0x00000006fae00000, 0x00000006fc2c0000, 0x0000000700000000)
  object space 21248K, 30% used [0x00000006fae00000,0x00000006fb43c430,0x00000006fc2c0000)
}
Event: 43.948 GC heap before
{Heap before GC invocations=22 (full 4):
 PSYoungGen      total 511680K, used 405168K [0x00000007aaab0000, 0x00000007d4180000, 0x0000000800000000)
  eden space 401856K, 100% used [0x00000007aaab0000,0x00000007c3320000,0x00000007c3320000)
  from space 109824K, 3% used [0x00000007c3320000,0x00000007c365c108,0x00000007c9e60000)
  to   space 111680K, 0% used [0x00000007cd470000,0x00000007cd470000,0x00000007d4180000)
 ParOldGen       total 627392K, used 404671K [0x0000000700000000, 0x00000007264b0000, 0x00000007aaab0000)
  object space 627392K, 64% used [0x0000000700000000,0x0000000718b2fd10,0x00000007264b0000)
 PSPermGen       total 21248K, used 6398K [0x00000006fae00000, 0x00000006fc2c0000, 0x0000000700000000)
  object space 21248K, 30% used [0x00000006fae00000,0x00000006fb43fb68,0x00000006fc2c0000)
Event: 44.365 GC heap after
Heap after GC invocations=22 (full 4):
 PSYoungGen      total 545152K, used 67897K [0x00000007aaab0000, 0x00000007d3940000, 0x0000000800000000)
  eden space 441920K, 0% used [0x00000007aaab0000,0x00000007aaab0000,0x00000007c5a40000)
  from space 103232K, 65% used [0x00000007cd470000,0x00000007d16be558,0x00000007d3940000)
  to   space 114176K, 0% used [0x00000007c5a40000,0x00000007c5a40000,0x00000007cc9c0000)
 ParOldGen       total 627392K, used 404671K [0x0000000700000000, 0x00000007264b0000, 0x00000007aaab0000)
  object space 627392K, 64% used [0x0000000700000000,0x0000000718b2fd10,0x00000007264b0000)
 PSPermGen       total 21248K, used 6398K [0x00000006fae00000, 0x00000006fc2c0000, 0x0000000700000000)
  object space 21248K, 30% used [0x00000006fae00000,0x00000006fb43fb68,0x00000006fc2c0000)
}
Event: 46.616 GC heap before
{Heap before GC invocations=23 (full 4):
 PSYoungGen      total 545152K, used 509817K [0x00000007aaab0000, 0x00000007d3940000, 0x0000000800000000)
  eden space 441920K, 100% used [0x00000007aaab0000,0x00000007c5a40000,0x00000007c5a40000)
  from space 103232K, 65% used [0x00000007cd470000,0x00000007d16be558,0x00000007d3940000)
  to   space 114176K, 0% used [0x00000007c5a40000,0x00000007c5a40000,0x00000007cc9c0000)
 ParOldGen       total 627392K, used 404671K [0x0000000700000000, 0x00000007264b0000, 0x00000007aaab0000)
  object space 627392K, 64% used [0x0000000700000000,0x0000000718b2fd10,0x00000007264b0000)
 PSPermGen       total 21248K, used 6412K [0x00000006fae00000, 0x00000006fc2c0000, 0x0000000700000000)
  object space 21248K, 30% used [0x00000006fae00000,0x00000006fb443268,0x00000006fc2c0000)
Event: 47.036 GC heap after
Heap after GC invocations=23 (full 4):
 PSYoungGen      total 556096K, used 114174K [0x00000007aaab0000, 0x00000007dc500000, 0x0000000800000000)
  eden space 441920K, 0% used [0x00000007aaab0000,0x00000007aaab0000,0x00000007c5a40000)
  from space 114176K, 99% used [0x00000007c5a40000,0x00000007cc9bf990,0x00000007cc9c0000)
  to   space 162560K, 0% used [0x00000007d2640000,0x00000007d2640000,0x00000007dc500000)
 ParOldGen       total 627392K, used 485111K [0x0000000700000000, 0x00000007264b0000, 0x00000007aaab0000)
  object space 627392K, 77% used [0x0000000700000000,0x000000071d9bdfe8,0x00000007264b0000)
 PSPermGen       total 21248K, used 6412K [0x00000006fae00000, 0x00000006fc2c0000, 0x0000000700000000)
  object space 21248K, 30% used [0x00000006fae00000,0x00000006fb443268,0x00000006fc2c0000)
}

