# JRE version: 7.0_07-b10
# Java VM: Java HotSpot(TM) 64-Bit Server VM (23.3-b01 mixed mode windows-amd64 compressed oops)
Heap
 PSYoungGen      total 633664K, used 62358K [0x0000000795560000, 0x00000007c8430000, 0x0000000800000000)
  eden space 463680K, 13% used [0x0000000795560000,0x00000007992459c0,0x00000007b1a30000)
  from space 169984K, 0% used [0x00000007bd650000,0x00000007bd650000,0x00000007c7c50000)
  to   space 185344K, 0% used [0x00000007b1a30000,0x00000007b1a30000,0x00000007bcf30000)
 ParOldGen       total 776256K, used 680941K [0x00000006c0000000, 0x00000006ef610000, 0x0000000795560000)
  object space 776256K, 87% used [0x00000006c0000000,0x00000006e98fb538,0x00000006ef610000)
 PSPermGen       total 21248K, used 6310K [0x00000006bae00000, 0x00000006bc2c0000, 0x00000006c0000000)
  object space 21248K, 29% used [0x00000006bae00000,0x00000006bb4298c0,0x00000006bc2c0000)
GC Heap History (10 events):
Event: 48.808 GC heap before
{Heap before GC invocations=22 (full 5):
 PSYoungGen      total 633664K, used 594751K [0x0000000795560000, 0x00000007c8430000, 0x0000000800000000)
  eden space 463680K, 100% used [0x0000000795560000,0x00000007b1a30000,0x00000007b1a30000)
  from space 169984K, 77% used [0x00000007bd650000,0x00000007c564fdc8,0x00000007c7c50000)
  to   space 185344K, 0% used [0x00000007b1a30000,0x00000007b1a30000,0x00000007bcf30000)
 ParOldGen       total 776256K, used 515374K [0x00000006c0000000, 0x00000006ef610000, 0x0000000795560000)
  object space 776256K, 66% used [0x00000006c0000000,0x00000006df74bb78,0x00000006ef610000)
 PSPermGen       total 21248K, used 6281K [0x00000006bae00000, 0x00000006bc2c0000, 0x00000006c0000000)
  object space 21248K, 29% used [0x00000006bae00000,0x00000006bb422698,0x00000006bc2c0000)
Event: 49.111 GC heap after
Heap after GC invocations=22 (full 5):
 PSYoungGen      total 649024K, used 124641K [0x0000000795560000, 0x00000007c8430000, 0x0000000800000000)
  eden space 463680K, 0% used [0x0000000795560000,0x0000000795560000,0x00000007b1a30000)
  from space 185344K, 67% used [0x00000007b1a30000,0x00000007b93e86b0,0x00000007bcf30000)
  to   space 169984K, 0% used [0x00000007bd650000,0x00000007bd650000,0x00000007c7c50000)
 ParOldGen       total 776256K, used 515374K [0x00000006c0000000, 0x00000006ef610000, 0x0000000795560000)
  object space 776256K, 66% used [0x00000006c0000000,0x00000006df74bb78,0x00000006ef610000)
 PSPermGen       total 21248K, used 6281K [0x00000006bae00000, 0x00000006bc2c0000, 0x00000006c0000000)
  object space 21248K, 29% used [0x00000006bae00000,0x00000006bb422698,0x00000006bc2c0000)
}
Event: 51.148 GC heap before
{Heap before GC invocations=23 (full 5):
 PSYoungGen      total 649024K, used 588321K [0x0000000795560000, 0x00000007c8430000, 0x0000000800000000)
  eden space 463680K, 100% used [0x0000000795560000,0x00000007b1a30000,0x00000007b1a30000)
  from space 185344K, 67% used [0x00000007b1a30000,0x00000007b93e86b0,0x00000007bcf30000)
  to   space 169984K, 0% used [0x00000007bd650000,0x00000007bd650000,0x00000007c7c50000)
 ParOldGen       total 776256K, used 515374K [0x00000006c0000000, 0x00000006ef610000, 0x0000000795560000)
  object space 776256K, 66% used [0x00000006c0000000,0x00000006df74bb78,0x00000006ef610000)
 PSPermGen       total 21248K, used 6303K [0x00000006bae00000, 0x00000006bc2c0000, 0x00000006c0000000)
  object space 21248K, 29% used [0x00000006bae00000,0x00000006bb427c60,0x00000006bc2c0000)
Event: 51.634 GC heap after
Heap after GC invocations=23 (full 5):
 PSYoungGen      total 633664K, used 169967K [0x0000000795560000, 0x00000007c8430000, 0x0000000800000000)
  eden space 463680K, 0% used [0x0000000795560000,0x0000000795560000,0x00000007b1a30000)
  from space 169984K, 99% used [0x00000007bd650000,0x00000007c7c4bcb0,0x00000007c7c50000)
  to   space 185344K, 0% used [0x00000007b1a30000,0x00000007b1a30000,0x00000007bcf30000)
 ParOldGen       total 776256K, used 542496K [0x00000006c0000000, 0x00000006ef610000, 0x0000000795560000)
  object space 776256K, 69% used [0x00000006c0000000,0x00000006e11c80a8,0x00000006ef610000)
 PSPermGen       total 21248K, used 6303K [0x00000006bae00000, 0x00000006bc2c0000, 0x00000006c0000000)
  object space 21248K, 29% used [0x00000006bae00000,0x00000006bb427c60,0x00000006bc2c0000)
}
Event: 53.263 GC heap before
{Heap before GC invocations=24 (full 5):
 PSYoungGen      total 633664K, used 633647K [0x0000000795560000, 0x00000007c8430000, 0x0000000800000000)
  eden space 463680K, 100% used [0x0000000795560000,0x00000007b1a30000,0x00000007b1a30000)
  from space 169984K, 99% used [0x00000007bd650000,0x00000007c7c4bcb0,0x00000007c7c50000)
  to   space 185344K, 0% used [0x00000007b1a30000,0x00000007b1a30000,0x00000007bcf30000)
 ParOldGen       total 776256K, used 542496K [0x00000006c0000000, 0x00000006ef610000, 0x0000000795560000)
  object space 776256K, 69% used [0x00000006c0000000,0x00000006e11c80a8,0x00000006ef610000)
 PSPermGen       total 21248K, used 6307K [0x00000006bae00000, 0x00000006bc2c0000, 0x00000006c0000000)
  object space 21248K, 29% used [0x00000006bae00000,0x00000006bb428dd8,0x00000006bc2c0000)
Event: 53.859 GC heap after
Heap after GC invocations=24 (full 5):
 PSYoungGen      total 649024K, used 141498K [0x0000000795560000, 0x00000007c8430000, 0x0000000800000000)
  eden space 463680K, 0% used [0x0000000795560000,0x0000000795560000,0x00000007b1a30000)
  from space 185344K, 76% used [0x00000007b1a30000,0x00000007ba45eb90,0x00000007bcf30000)
  to   space 169984K, 0% used [0x00000007bd650000,0x00000007bd650000,0x00000007c7c50000)
 ParOldGen       total 776256K, used 640836K [0x00000006c0000000, 0x00000006ef610000, 0x0000000795560000)
  object space 776256K, 82% used [0x00000006c0000000,0x00000006e71d11c0,0x00000006ef610000)
 PSPermGen       total 21248K, used 6307K [0x00000006bae00000, 0x00000006bc2c0000, 0x00000006c0000000)
  object space 21248K, 29% used [0x00000006bae00000,0x00000006bb428dd8,0x00000006bc2c0000)
}
Event: 55.079 GC heap before
{Heap before GC invocations=25 (full 5):
 PSYoungGen      total 649024K, used 605178K [0x0000000795560000, 0x00000007c8430000, 0x0000000800000000)
  eden space 463680K, 100% used [0x0000000795560000,0x00000007b1a30000,0x00000007b1a30000)
  from space 185344K, 76% used [0x00000007b1a30000,0x00000007ba45eb90,0x00000007bcf30000)
  to   space 169984K, 0% used [0x00000007bd650000,0x00000007bd650000,0x00000007c7c50000)
 ParOldGen       total 776256K, used 640836K [0x00000006c0000000, 0x00000006ef610000, 0x0000000795560000)
  object space 776256K, 82% used [0x00000006c0000000,0x00000006e71d11c0,0x00000006ef610000)
 PSPermGen       total 21248K, used 6310K [0x00000006bae00000, 0x00000006bc2c0000, 0x00000006c0000000)
  object space 21248K, 29% used [0x00000006bae00000,0x00000006bb429920,0x00000006bc2c0000)
Event: 55.602 GC heap after
Heap after GC invocations=25 (full 5):
 PSYoungGen      total 633664K, used 169982K [0x0000000795560000, 0x00000007c8430000, 0x0000000800000000)
  eden space 463680K, 0% used [0x0000000795560000,0x0000000795560000,0x00000007b1a30000)
  from space 169984K, 99% used [0x00000007bd650000,0x00000007c7c4fa78,0x00000007c7c50000)
  to   space 185344K, 0% used [0x00000007b1a30000,0x00000007b1a30000,0x00000007bcf30000)
 ParOldGen       total 776256K, used 682413K [0x00000006c0000000, 0x00000006ef610000, 0x0000000795560000)
  object space 776256K, 87% used [0x00000006c0000000,0x00000006e9a6b730,0x00000006ef610000)
 PSPermGen       total 21248K, used 6310K [0x00000006bae00000, 0x00000006bc2c0000, 0x00000006c0000000)
  object space 21248K, 29% used [0x00000006bae00000,0x00000006bb429920,0x00000006bc2c0000)
}
Event: 55.603 GC heap before
{Heap before GC invocations=26 (full 6):
 PSYoungGen      total 633664K, used 169982K [0x0000000795560000, 0x00000007c8430000, 0x0000000800000000)
  eden space 463680K, 0% used [0x0000000795560000,0x0000000795560000,0x00000007b1a30000)
  from space 169984K, 99% used [0x00000007bd650000,0x00000007c7c4fa78,0x00000007c7c50000)
  to   space 185344K, 0% used [0x00000007b1a30000,0x00000007b1a30000,0x00000007bcf30000)
 ParOldGen       total 776256K, used 682413K [0x00000006c0000000, 0x00000006ef610000, 0x0000000795560000)
  object space 776256K, 87% used [0x00000006c0000000,0x00000006e9a6b730,0x00000006ef610000)
 PSPermGen       total 21248K, used 6310K [0x00000006bae00000, 0x00000006bc2c0000, 0x00000006c0000000)
  object space 21248K, 29% used [0x00000006bae00000,0x00000006bb429920,0x00000006bc2c0000)
Event: 61.867 GC heap after
Heap after GC invocations=26 (full 6):
 PSYoungGen      total 633664K, used 0K [0x0000000795560000, 0x00000007c8430000, 0x0000000800000000)
  eden space 463680K, 0% used [0x0000000795560000,0x0000000795560000,0x00000007b1a30000)
  from space 169984K, 0% used [0x00000007bd650000,0x00000007bd650000,0x00000007c7c50000)
  to   space 185344K, 0% used [0x00000007b1a30000,0x00000007b1a30000,0x00000007bcf30000)
 ParOldGen       total 776256K, used 680941K [0x00000006c0000000, 0x00000006ef610000, 0x0000000795560000)
  object space 776256K, 87% used [0x00000006c0000000,0x00000006e98fb538,0x00000006ef610000)
 PSPermGen       total 21248K, used 6310K [0x00000006bae00000, 0x00000006bc2c0000, 0x00000006c0000000)
  object space 21248K, 29% used [0x00000006bae00000,0x00000006bb4298c0,0x00000006bc2c0000)
}

