# JRE version: OpenJDK Runtime Environment (8.0_111-b14) (build 1.8.0_111-8u111-b14-2ubuntu0.16.04.2-b14)
# Java VM: OpenJDK 64-Bit Server VM (25.111-b14 mixed mode linux-amd64 compressed oops)
Heap:
 PSYoungGen      total 1159168K, used 0K [0x0000000755580000, 0x00000007a9b80000, 0x00000007c0000000)
  eden space 982528K, 0% used [0x0000000755580000,0x0000000755580000,0x0000000791500000)
  from space 176640K, 0% used [0x000000079c900000,0x000000079c900000,0x00000007a7580000)
  to   space 184320K, 0% used [0x0000000791500000,0x0000000791500000,0x000000079c900000)
 ParOldGen       total 963584K, used 952263K [0x0000000680000000, 0x00000006bad00000, 0x0000000755580000)
  object space 963584K, 98% used [0x0000000680000000,0x00000006ba1f1fc0,0x00000006bad00000)
 Metaspace       used 6724K, capacity 7384K, committed 7680K, reserved 1056768K
  class space    used 619K, capacity 656K, committed 768K, reserved 1048576K
GC Heap History (10 events):
Event: 136,852 GC heap after
Heap after GC invocations=28 (full 7):
 PSYoungGen      total 809472K, used 102116K [0x0000000755580000, 0x000000079a400000, 0x00000007c0000000)
  eden space 646144K, 0% used [0x0000000755580000,0x0000000755580000,0x000000077cc80000)
  from space 163328K, 62% used [0x000000077cc80000,0x00000007830393b0,0x0000000786c00000)
  to   space 166400K, 0% used [0x0000000790180000,0x0000000790180000,0x000000079a400000)
 ParOldGen       total 745984K, used 532954K [0x0000000680000000, 0x00000006ad880000, 0x0000000755580000)
  object space 745984K, 71% used [0x0000000680000000,0x00000006a0876958,0x00000006ad880000)
 Metaspace       used 6598K, capacity 7320K, committed 7680K, reserved 1056768K
  class space    used 613K, capacity 656K, committed 768K, reserved 1048576K
}
Event: 141,585 GC heap before
{Heap before GC invocations=29 (full 7):
 PSYoungGen      total 809472K, used 748260K [0x0000000755580000, 0x000000079a400000, 0x00000007c0000000)
  eden space 646144K, 100% used [0x0000000755580000,0x000000077cc80000,0x000000077cc80000)
  from space 163328K, 62% used [0x000000077cc80000,0x00000007830393b0,0x0000000786c00000)
  to   space 166400K, 0% used [0x0000000790180000,0x0000000790180000,0x000000079a400000)
 ParOldGen       total 745984K, used 532954K [0x0000000680000000, 0x00000006ad880000, 0x0000000755580000)
  object space 745984K, 71% used [0x0000000680000000,0x00000006a0876958,0x00000006ad880000)
 Metaspace       used 6600K, capacity 7320K, committed 7680K, reserved 1056768K
  class space    used 613K, capacity 656K, committed 768K, reserved 1048576K
Event: 154,592 GC heap after
Heap after GC invocations=29 (full 7):
 PSYoungGen      total 961024K, used 101505K [0x0000000755580000, 0x000000079c000000, 0x00000007c0000000)
  eden space 794624K, 0% used [0x0000000755580000,0x0000000755580000,0x0000000785d80000)
  from space 166400K, 61% used [0x0000000790180000,0x00000007964a06f8,0x000000079a400000)
  to   space 167936K, 0% used [0x0000000785d80000,0x0000000785d80000,0x0000000790180000)
 ParOldGen       total 745984K, used 631334K [0x0000000680000000, 0x00000006ad880000, 0x0000000755580000)
  object space 745984K, 84% used [0x0000000680000000,0x00000006a6889ab0,0x00000006ad880000)
 Metaspace       used 6600K, capacity 7320K, committed 7680K, reserved 1056768K
  class space    used 613K, capacity 656K, committed 768K, reserved 1048576K
}
Event: 154,593 GC heap before
{Heap before GC invocations=30 (full 8):
 PSYoungGen      total 961024K, used 101505K [0x0000000755580000, 0x000000079c000000, 0x00000007c0000000)
  eden space 794624K, 0% used [0x0000000755580000,0x0000000755580000,0x0000000785d80000)
  from space 166400K, 61% used [0x0000000790180000,0x00000007964a06f8,0x000000079a400000)
  to   space 167936K, 0% used [0x0000000785d80000,0x0000000785d80000,0x0000000790180000)
 ParOldGen       total 745984K, used 631334K [0x0000000680000000, 0x00000006ad880000, 0x0000000755580000)
  object space 745984K, 84% used [0x0000000680000000,0x00000006a6889ab0,0x00000006ad880000)
 Metaspace       used 6600K, capacity 7320K, committed 7680K, reserved 1056768K
  class space    used 613K, capacity 656K, committed 768K, reserved 1048576K
Event: 163,250 GC heap after
Heap after GC invocations=30 (full 8):
 PSYoungGen      total 961024K, used 0K [0x0000000755580000, 0x000000079c000000, 0x00000007c0000000)
  eden space 794624K, 0% used [0x0000000755580000,0x0000000755580000,0x0000000785d80000)
  from space 166400K, 0% used [0x0000000790180000,0x0000000790180000,0x000000079a400000)
  to   space 167936K, 0% used [0x0000000785d80000,0x0000000785d80000,0x0000000790180000)
 ParOldGen       total 963584K, used 727554K [0x0000000680000000, 0x00000006bad00000, 0x0000000755580000)
  object space 963584K, 75% used [0x0000000680000000,0x00000006ac680b68,0x00000006bad00000)
 Metaspace       used 6600K, capacity 7320K, committed 7680K, reserved 1056768K
  class space    used 613K, capacity 656K, committed 768K, reserved 1048576K
}
Event: 175,415 GC heap before
{Heap before GC invocations=31 (full 8):
 PSYoungGen      total 961024K, used 794624K [0x0000000755580000, 0x000000079c000000, 0x00000007c0000000)
  eden space 794624K, 100% used [0x0000000755580000,0x0000000785d80000,0x0000000785d80000)
  from space 166400K, 0% used [0x0000000790180000,0x0000000790180000,0x000000079a400000)
  to   space 167936K, 0% used [0x0000000785d80000,0x0000000785d80000,0x0000000790180000)
 ParOldGen       total 963584K, used 727554K [0x0000000680000000, 0x00000006bad00000, 0x0000000755580000)
  object space 963584K, 75% used [0x0000000680000000,0x00000006ac680b68,0x00000006bad00000)
 Metaspace       used 6661K, capacity 7320K, committed 7680K, reserved 1056768K
  class space    used 617K, capacity 656K, committed 768K, reserved 1048576K
Event: 175,745 GC heap after
Heap after GC invocations=31 (full 8):
 PSYoungGen      total 962560K, used 122814K [0x0000000755580000, 0x00000007a7580000, 0x00000007c0000000)
  eden space 794624K, 0% used [0x0000000755580000,0x0000000755580000,0x0000000785d80000)
  from space 167936K, 73% used [0x0000000785d80000,0x000000078d56f9a0,0x0000000790180000)
  to   space 176640K, 0% used [0x000000079c900000,0x000000079c900000,0x00000007a7580000)
 ParOldGen       total 963584K, used 727554K [0x0000000680000000, 0x00000006bad00000, 0x0000000755580000)
  object space 963584K, 75% used [0x0000000680000000,0x00000006ac680b68,0x00000006bad00000)
 Metaspace       used 6661K, capacity 7320K, committed 7680K, reserved 1056768K
  class space    used 617K, capacity 656K, committed 768K, reserved 1048576K
}
Event: 186,688 GC heap before
{Heap before GC invocations=32 (full 8):
 PSYoungGen      total 962560K, used 917438K [0x0000000755580000, 0x00000007a7580000, 0x00000007c0000000)
  eden space 794624K, 100% used [0x0000000755580000,0x0000000785d80000,0x0000000785d80000)
  from space 167936K, 73% used [0x0000000785d80000,0x000000078d56f9a0,0x0000000790180000)
  to   space 176640K, 0% used [0x000000079c900000,0x000000079c900000,0x00000007a7580000)
 ParOldGen       total 963584K, used 727554K [0x0000000680000000, 0x00000006bad00000, 0x0000000755580000)
  object space 963584K, 75% used [0x0000000680000000,0x00000006ac680b68,0x00000006bad00000)
 Metaspace       used 6724K, capacity 7384K, committed 7680K, reserved 1056768K
  class space    used 619K, capacity 656K, committed 768K, reserved 1048576K
Event: 205,954 GC heap after
Heap after GC invocations=32 (full 8):
 PSYoungGen      total 1159168K, used 126431K [0x0000000755580000, 0x00000007a9b80000, 0x00000007c0000000)
  eden space 982528K, 0% used [0x0000000755580000,0x0000000755580000,0x0000000791500000)
  from space 176640K, 71% used [0x000000079c900000,0x00000007a4477d50,0x00000007a7580000)
  to   space 184320K, 0% used [0x0000000791500000,0x0000000791500000,0x000000079c900000)
 ParOldGen       total 963584K, used 845575K [0x0000000680000000, 0x00000006bad00000, 0x0000000755580000)
  object space 963584K, 87% used [0x0000000680000000,0x00000006b39c1f48,0x00000006bad00000)
 Metaspace       used 6724K, capacity 7384K, committed 7680K, reserved 1056768K
  class space    used 619K, capacity 656K, committed 768K, reserved 1048576K
}
Event: 205,954 GC heap before
{Heap before GC invocations=33 (full 9):
 PSYoungGen      total 1159168K, used 126431K [0x0000000755580000, 0x00000007a9b80000, 0x00000007c0000000)
  eden space 982528K, 0% used [0x0000000755580000,0x0000000755580000,0x0000000791500000)
  from space 176640K, 71% used [0x000000079c900000,0x00000007a4477d50,0x00000007a7580000)
  to   space 184320K, 0% used [0x0000000791500000,0x0000000791500000,0x000000079c900000)
 ParOldGen       total 963584K, used 845575K [0x0000000680000000, 0x00000006bad00000, 0x0000000755580000)
  object space 963584K, 87% used [0x0000000680000000,0x00000006b39c1f48,0x00000006bad00000)
 Metaspace       used 6724K, capacity 7384K, committed 7680K, reserved 1056768K
  class space    used 619K, capacity 656K, committed 768K, reserved 1048576K

