# JRE version: 7.0_07-b10
# Java VM: Java HotSpot(TM) 64-Bit Server VM (23.3-b01 mixed mode windows-amd64 compressed oops)
Heap
 PSYoungGen      total 788800K, used 399388K [0x0000000795560000, 0x00000007dbd70000, 0x0000000800000000)
  eden space 439936K, 13% used [0x0000000795560000,0x0000000798e63b78,0x00000007b0300000)
  from space 348864K, 97% used [0x00000007b0300000,0x00000007c50035e0,0x00000007c57b0000)
  to   space 311424K, 0% used [0x00000007c57b0000,0x00000007c57b0000,0x00000007d87d0000)
 ParOldGen       total 805696K, used 560478K [0x00000006c0000000, 0x00000006f12d0000, 0x0000000795560000)
  object space 805696K, 69% used [0x00000006c0000000,0x00000006e2357838,0x00000006f12d0000)
 PSPermGen       total 21248K, used 6379K [0x00000006bae00000, 0x00000006bc2c0000, 0x00000006c0000000)
  object space 21248K, 30% used [0x00000006bae00000,0x00000006bb43aef0,0x00000006bc2c0000)
GC Heap History (10 events):
Event: 153.340 GC heap before
{Heap before GC invocations=28 (full 6):
 PSYoungGen      total 583744K, used 537606K [0x0000000795560000, 0x00000007c7a30000, 0x0000000800000000)
  eden space 386816K, 100% used [0x0000000795560000,0x00000007acf20000,0x00000007acf20000)
  from space 196928K, 76% used [0x00000007b9e00000,0x00000007c3141868,0x00000007c5e50000)
  to   space 211840K, 0% used [0x00000007acf20000,0x00000007acf20000,0x00000007b9e00000)
 ParOldGen       total 805696K, used 447489K [0x00000006c0000000, 0x00000006f12d0000, 0x0000000795560000)
  object space 805696K, 55% used [0x00000006c0000000,0x00000006db5005a8,0x00000006f12d0000)
 PSPermGen       total 21248K, used 6304K [0x00000006bae00000, 0x00000006bc2c0000, 0x00000006c0000000)
  object space 21248K, 29% used [0x00000006bae00000,0x00000006bb428278,0x00000006bc2c0000)
Event: 154.823 GC heap after
Heap after GC invocations=28 (full 6):
 PSYoungGen      total 598656K, used 210671K [0x0000000795560000, 0x00000007ced60000, 0x0000000800000000)
  eden space 386816K, 0% used [0x0000000795560000,0x0000000795560000,0x00000007acf20000)
  from space 211840K, 99% used [0x00000007acf20000,0x00000007b9cdbd48,0x00000007b9e00000)
  to   space 245504K, 0% used [0x00000007bfda0000,0x00000007bfda0000,0x00000007ced60000)
 ParOldGen       total 805696K, used 447489K [0x00000006c0000000, 0x00000006f12d0000, 0x0000000795560000)
  object space 805696K, 55% used [0x00000006c0000000,0x00000006db5005a8,0x00000006f12d0000)
 PSPermGen       total 21248K, used 6304K [0x00000006bae00000, 0x00000006bc2c0000, 0x00000006c0000000)
  object space 21248K, 29% used [0x00000006bae00000,0x00000006bb428278,0x00000006bc2c0000)
}
Event: 157.829 GC heap before
{Heap before GC invocations=29 (full 6):
 PSYoungGen      total 598656K, used 597487K [0x0000000795560000, 0x00000007ced60000, 0x0000000800000000)
  eden space 386816K, 100% used [0x0000000795560000,0x00000007acf20000,0x00000007acf20000)
  from space 211840K, 99% used [0x00000007acf20000,0x00000007b9cdbd48,0x00000007b9e00000)
  to   space 245504K, 0% used [0x00000007bfda0000,0x00000007bfda0000,0x00000007ced60000)
 ParOldGen       total 805696K, used 447489K [0x00000006c0000000, 0x00000006f12d0000, 0x0000000795560000)
  object space 805696K, 55% used [0x00000006c0000000,0x00000006db5005a8,0x00000006f12d0000)
 PSPermGen       total 21248K, used 6306K [0x00000006bae00000, 0x00000006bc2c0000, 0x00000006c0000000)
  object space 21248K, 29% used [0x00000006bae00000,0x00000006bb428ad8,0x00000006bc2c0000)
Event: 160.038 GC heap after
Heap after GC invocations=29 (full 6):
 PSYoungGen      total 648640K, used 245472K [0x0000000795560000, 0x00000007d4f00000, 0x0000000800000000)
  eden space 403136K, 0% used [0x0000000795560000,0x0000000795560000,0x00000007adf10000)
  from space 245504K, 99% used [0x00000007bfda0000,0x00000007ced58158,0x00000007ced60000)
  to   space 293440K, 0% used [0x00000007adf10000,0x00000007adf10000,0x00000007bfda0000)
 ParOldGen       total 805696K, used 469472K [0x00000006c0000000, 0x00000006f12d0000, 0x0000000795560000)
  object space 805696K, 58% used [0x00000006c0000000,0x00000006dca78138,0x00000006f12d0000)
 PSPermGen       total 21248K, used 6306K [0x00000006bae00000, 0x00000006bc2c0000, 0x00000006c0000000)
  object space 21248K, 29% used [0x00000006bae00000,0x00000006bb428ad8,0x00000006bc2c0000)
}
Event: 163.453 GC heap before
{Heap before GC invocations=30 (full 6):
 PSYoungGen      total 648640K, used 648608K [0x0000000795560000, 0x00000007d4f00000, 0x0000000800000000)
  eden space 403136K, 100% used [0x0000000795560000,0x00000007adf10000,0x00000007adf10000)
  from space 245504K, 99% used [0x00000007bfda0000,0x00000007ced58158,0x00000007ced60000)
  to   space 293440K, 0% used [0x00000007adf10000,0x00000007adf10000,0x00000007bfda0000)
 ParOldGen       total 805696K, used 469472K [0x00000006c0000000, 0x00000006f12d0000, 0x0000000795560000)
  object space 805696K, 58% used [0x00000006c0000000,0x00000006dca78138,0x00000006f12d0000)
 PSPermGen       total 21248K, used 6307K [0x00000006bae00000, 0x00000006bc2c0000, 0x00000006c0000000)
  object space 21248K, 29% used [0x00000006bae00000,0x00000006bb428ed0,0x00000006bc2c0000)
Event: 165.971 GC heap after
Heap after GC invocations=30 (full 6):
 PSYoungGen      total 696576K, used 212029K [0x0000000795560000, 0x00000007d87d0000, 0x0000000800000000)
  eden space 403136K, 0% used [0x0000000795560000,0x0000000795560000,0x00000007adf10000)
  from space 293440K, 72% used [0x00000007adf10000,0x00000007bae1f7d8,0x00000007bfda0000)
  to   space 311424K, 0% used [0x00000007c57b0000,0x00000007c57b0000,0x00000007d87d0000)
 ParOldGen       total 805696K, used 560478K [0x00000006c0000000, 0x00000006f12d0000, 0x0000000795560000)
  object space 805696K, 69% used [0x00000006c0000000,0x00000006e2357838,0x00000006f12d0000)
 PSPermGen       total 21248K, used 6307K [0x00000006bae00000, 0x00000006bc2c0000, 0x00000006c0000000)
  object space 21248K, 29% used [0x00000006bae00000,0x00000006bb428ed0,0x00000006bc2c0000)
}
Event: 170.365 GC heap before
{Heap before GC invocations=31 (full 6):
 PSYoungGen      total 696576K, used 615165K [0x0000000795560000, 0x00000007d87d0000, 0x0000000800000000)
  eden space 403136K, 100% used [0x0000000795560000,0x00000007adf10000,0x00000007adf10000)
  from space 293440K, 72% used [0x00000007adf10000,0x00000007bae1f7d8,0x00000007bfda0000)
  to   space 311424K, 0% used [0x00000007c57b0000,0x00000007c57b0000,0x00000007d87d0000)
 ParOldGen       total 805696K, used 560478K [0x00000006c0000000, 0x00000006f12d0000, 0x0000000795560000)
  object space 805696K, 69% used [0x00000006c0000000,0x00000006e2357838,0x00000006f12d0000)
 PSPermGen       total 21248K, used 6332K [0x00000006bae00000, 0x00000006bc2c0000, 0x00000006c0000000)
  object space 21248K, 29% used [0x00000006bae00000,0x00000006bb42f160,0x00000006bc2c0000)
Event: 172.374 GC heap after
Heap after GC invocations=31 (full 6):
 PSYoungGen      total 751360K, used 276292K [0x0000000795560000, 0x00000007dbd70000, 0x0000000800000000)
  eden space 439936K, 0% used [0x0000000795560000,0x0000000795560000,0x00000007b0300000)
  from space 311424K, 88% used [0x00000007c57b0000,0x00000007d6581318,0x00000007d87d0000)
  to   space 348864K, 0% used [0x00000007b0300000,0x00000007b0300000,0x00000007c57b0000)
 ParOldGen       total 805696K, used 560478K [0x00000006c0000000, 0x00000006f12d0000, 0x0000000795560000)
  object space 805696K, 69% used [0x00000006c0000000,0x00000006e2357838,0x00000006f12d0000)
 PSPermGen       total 21248K, used 6332K [0x00000006bae00000, 0x00000006bc2c0000, 0x00000006c0000000)
  object space 21248K, 29% used [0x00000006bae00000,0x00000006bb42f160,0x00000006bc2c0000)
}
Event: 176.629 GC heap before
{Heap before GC invocations=32 (full 6):
 PSYoungGen      total 751360K, used 716228K [0x0000000795560000, 0x00000007dbd70000, 0x0000000800000000)
  eden space 439936K, 100% used [0x0000000795560000,0x00000007b0300000,0x00000007b0300000)
  from space 311424K, 88% used [0x00000007c57b0000,0x00000007d6581318,0x00000007d87d0000)
  to   space 348864K, 0% used [0x00000007b0300000,0x00000007b0300000,0x00000007c57b0000)
 ParOldGen       total 805696K, used 560478K [0x00000006c0000000, 0x00000006f12d0000, 0x0000000795560000)
  object space 805696K, 69% used [0x00000006c0000000,0x00000006e2357838,0x00000006f12d0000)
 PSPermGen       total 21248K, used 6377K [0x00000006bae00000, 0x00000006bc2c0000, 0x00000006c0000000)
  object space 21248K, 30% used [0x00000006bae00000,0x00000006bb43a738,0x00000006bc2c0000)
Event: 178.681 GC heap after
Heap after GC invocations=32 (full 6):
 PSYoungGen      total 788800K, used 341005K [0x0000000795560000, 0x00000007dbd70000, 0x0000000800000000)
  eden space 439936K, 0% used [0x0000000795560000,0x0000000795560000,0x00000007b0300000)
  from space 348864K, 97% used [0x00000007b0300000,0x00000007c50035e0,0x00000007c57b0000)
  to   space 311424K, 0% used [0x00000007c57b0000,0x00000007c57b0000,0x00000007d87d0000)
 ParOldGen       total 805696K, used 560478K [0x00000006c0000000, 0x00000006f12d0000, 0x0000000795560000)
  object space 805696K, 69% used [0x00000006c0000000,0x00000006e2357838,0x00000006f12d0000)
 PSPermGen       total 21248K, used 6377K [0x00000006bae00000, 0x00000006bc2c0000, 0x00000006c0000000)
  object space 21248K, 30% used [0x00000006bae00000,0x00000006bb43a738,0x00000006bc2c0000)
}

