# JRE version: 7.0_07-b10
# Java VM: Java HotSpot(TM) 64-Bit Server VM (23.3-b01 mixed mode windows-amd64 compressed oops)
Heap
 PSYoungGen      total 840064K, used 136847K [0x0000000795560000, 0x00000007dd510000, 0x0000000800000000)
  eden space 548416K, 18% used [0x0000000795560000,0x000000079b5de0c0,0x00000007b6cf0000)
  from space 291648K, 13% used [0x00000007c98d0000,0x00000007cbdf5be0,0x00000007db5a0000)
  to   space 307072K, 0% used [0x00000007b6cf0000,0x00000007b6cf0000,0x00000007c98d0000)
 ParOldGen       total 706880K, used 706879K [0x00000006c0000000, 0x00000006eb250000, 0x0000000795560000)
  object space 706880K, 99% used [0x00000006c0000000,0x00000006eb24feb8,0x00000006eb250000)
 PSPermGen       total 21248K, used 6316K [0x00000006bae00000, 0x00000006bc2c0000, 0x00000006c0000000)
  object space 21248K, 29% used [0x00000006bae00000,0x00000006bb42b028,0x00000006bc2c0000)
GC Heap History (10 events):
Event: 48.487 GC heap before
{Heap before GC invocations=26 (full 5):
 PSYoungGen      total 624448K, used 566414K [0x0000000795560000, 0x00000007c7a10000, 0x0000000800000000)
  eden space 448640K, 100% used [0x0000000795560000,0x00000007b0b80000,0x00000007b0b80000)
  from space 175808K, 66% used [0x00000007bbe70000,0x00000007c3173898,0x00000007c6a20000)
  to   space 183232K, 0% used [0x00000007b0b80000,0x00000007b0b80000,0x00000007bbe70000)
 ParOldGen       total 706880K, used 399608K [0x00000006c0000000, 0x00000006eb250000, 0x0000000795560000)
  object space 706880K, 56% used [0x00000006c0000000,0x00000006d863e2f8,0x00000006eb250000)
 PSPermGen       total 21248K, used 6302K [0x00000006bae00000, 0x00000006bc2c0000, 0x00000006c0000000)
  object space 21248K, 29% used [0x00000006bae00000,0x00000006bb427be8,0x00000006bc2c0000)
Event: 48.827 GC heap after
Heap after GC invocations=26 (full 5):
 PSYoungGen      total 631872K, used 183210K [0x0000000795560000, 0x00000007cec10000, 0x0000000800000000)
  eden space 448640K, 0% used [0x0000000795560000,0x0000000795560000,0x00000007b0b80000)
  from space 183232K, 99% used [0x00000007b0b80000,0x00000007bbe6a8e0,0x00000007bbe70000)
  to   space 213504K, 0% used [0x00000007c1b90000,0x00000007c1b90000,0x00000007cec10000)
 ParOldGen       total 706880K, used 401340K [0x00000006c0000000, 0x00000006eb250000, 0x0000000795560000)
  object space 706880K, 56% used [0x00000006c0000000,0x00000006d87ef1a0,0x00000006eb250000)
 PSPermGen       total 21248K, used 6302K [0x00000006bae00000, 0x00000006bc2c0000, 0x00000006c0000000)
  object space 21248K, 29% used [0x00000006bae00000,0x00000006bb427be8,0x00000006bc2c0000)
}
Event: 50.166 GC heap before
{Heap before GC invocations=27 (full 5):
 PSYoungGen      total 631872K, used 631850K [0x0000000795560000, 0x00000007cec10000, 0x0000000800000000)
  eden space 448640K, 100% used [0x0000000795560000,0x00000007b0b80000,0x00000007b0b80000)
  from space 183232K, 99% used [0x00000007b0b80000,0x00000007bbe6a8e0,0x00000007bbe70000)
  to   space 213504K, 0% used [0x00000007c1b90000,0x00000007c1b90000,0x00000007cec10000)
 ParOldGen       total 706880K, used 401340K [0x00000006c0000000, 0x00000006eb250000, 0x0000000795560000)
  object space 706880K, 56% used [0x00000006c0000000,0x00000006d87ef1a0,0x00000006eb250000)
 PSPermGen       total 21248K, used 6309K [0x00000006bae00000, 0x00000006bc2c0000, 0x00000006c0000000)
  object space 21248K, 29% used [0x00000006bae00000,0x00000006bb429580,0x00000006bc2c0000)
Event: 50.719 GC heap after
Heap after GC invocations=27 (full 5):
 PSYoungGen      total 698112K, used 198254K [0x0000000795560000, 0x00000007d29c0000, 0x0000000800000000)
  eden space 484608K, 0% used [0x0000000795560000,0x0000000795560000,0x00000007b2ea0000)
  from space 213504K, 92% used [0x00000007c1b90000,0x00000007cdd2b868,0x00000007cec10000)
  to   space 242624K, 0% used [0x00000007b2ea0000,0x00000007b2ea0000,0x00000007c1b90000)
 ParOldGen       total 706880K, used 455973K [0x00000006c0000000, 0x00000006eb250000, 0x0000000795560000)
  object space 706880K, 64% used [0x00000006c0000000,0x00000006dbd49570,0x00000006eb250000)
 PSPermGen       total 21248K, used 6309K [0x00000006bae00000, 0x00000006bc2c0000, 0x00000006c0000000)
  object space 21248K, 29% used [0x00000006bae00000,0x00000006bb429580,0x00000006bc2c0000)
}
Event: 52.161 GC heap before
{Heap before GC invocations=28 (full 5):
 PSYoungGen      total 698112K, used 682862K [0x0000000795560000, 0x00000007d29c0000, 0x0000000800000000)
  eden space 484608K, 100% used [0x0000000795560000,0x00000007b2ea0000,0x00000007b2ea0000)
  from space 213504K, 92% used [0x00000007c1b90000,0x00000007cdd2b868,0x00000007cec10000)
  to   space 242624K, 0% used [0x00000007b2ea0000,0x00000007b2ea0000,0x00000007c1b90000)
 ParOldGen       total 706880K, used 455973K [0x00000006c0000000, 0x00000006eb250000, 0x0000000795560000)
  object space 706880K, 64% used [0x00000006c0000000,0x00000006dbd49570,0x00000006eb250000)
 PSPermGen       total 21248K, used 6313K [0x00000006bae00000, 0x00000006bc2c0000, 0x00000006c0000000)
  object space 21248K, 29% used [0x00000006bae00000,0x00000006bb42a730,0x00000006bc2c0000)
Event: 52.752 GC heap after
Heap after GC invocations=28 (full 5):
 PSYoungGen      total 727232K, used 242609K [0x0000000795560000, 0x00000007db5a0000, 0x0000000800000000)
  eden space 484608K, 0% used [0x0000000795560000,0x0000000795560000,0x00000007b2ea0000)
  from space 242624K, 99% used [0x00000007b2ea0000,0x00000007c1b8c628,0x00000007c1b90000)
  to   space 291648K, 0% used [0x00000007c98d0000,0x00000007c98d0000,0x00000007db5a0000)
 ParOldGen       total 706880K, used 481649K [0x00000006c0000000, 0x00000006eb250000, 0x0000000795560000)
  object space 706880K, 68% used [0x00000006c0000000,0x00000006dd65c700,0x00000006eb250000)
 PSPermGen       total 21248K, used 6313K [0x00000006bae00000, 0x00000006bc2c0000, 0x00000006c0000000)
  object space 21248K, 29% used [0x00000006bae00000,0x00000006bb42a730,0x00000006bc2c0000)
}
Event: 54.427 GC heap before
{Heap before GC invocations=29 (full 5):
 PSYoungGen      total 727232K, used 727217K [0x0000000795560000, 0x00000007db5a0000, 0x0000000800000000)
  eden space 484608K, 100% used [0x0000000795560000,0x00000007b2ea0000,0x00000007b2ea0000)
  from space 242624K, 99% used [0x00000007b2ea0000,0x00000007c1b8c628,0x00000007c1b90000)
  to   space 291648K, 0% used [0x00000007c98d0000,0x00000007c98d0000,0x00000007db5a0000)
 ParOldGen       total 706880K, used 481649K [0x00000006c0000000, 0x00000006eb250000, 0x0000000795560000)
  object space 706880K, 68% used [0x00000006c0000000,0x00000006dd65c700,0x00000006eb250000)
 PSPermGen       total 21248K, used 6315K [0x00000006bae00000, 0x00000006bc2c0000, 0x00000006c0000000)
  object space 21248K, 29% used [0x00000006bae00000,0x00000006bb42ae70,0x00000006bc2c0000)
Event: 55.033 GC heap after
Heap after GC invocations=29 (full 5):
 PSYoungGen      total 840064K, used 203103K [0x0000000795560000, 0x00000007dd510000, 0x0000000800000000)
  eden space 548416K, 0% used [0x0000000795560000,0x0000000795560000,0x00000007b6cf0000)
  from space 291648K, 69% used [0x00000007c98d0000,0x00000007d5f27f40,0x00000007db5a0000)
  to   space 307072K, 0% used [0x00000007b6cf0000,0x00000007b6cf0000,0x00000007c98d0000)
 ParOldGen       total 706880K, used 596823K [0x00000006c0000000, 0x00000006eb250000, 0x0000000795560000)
  object space 706880K, 84% used [0x00000006c0000000,0x00000006e46d5e38,0x00000006eb250000)
 PSPermGen       total 21248K, used 6315K [0x00000006bae00000, 0x00000006bc2c0000, 0x00000006c0000000)
  object space 21248K, 29% used [0x00000006bae00000,0x00000006bb42ae70,0x00000006bc2c0000)
}
Event: 55.034 GC heap before
{Heap before GC invocations=30 (full 6):
 PSYoungGen      total 840064K, used 203103K [0x0000000795560000, 0x00000007dd510000, 0x0000000800000000)
  eden space 548416K, 0% used [0x0000000795560000,0x0000000795560000,0x00000007b6cf0000)
  from space 291648K, 69% used [0x00000007c98d0000,0x00000007d5f27f40,0x00000007db5a0000)
  to   space 307072K, 0% used [0x00000007b6cf0000,0x00000007b6cf0000,0x00000007c98d0000)
 ParOldGen       total 706880K, used 596823K [0x00000006c0000000, 0x00000006eb250000, 0x0000000795560000)
  object space 706880K, 84% used [0x00000006c0000000,0x00000006e46d5e38,0x00000006eb250000)
 PSPermGen       total 21248K, used 6315K [0x00000006bae00000, 0x00000006bc2c0000, 0x00000006c0000000)
  object space 21248K, 29% used [0x00000006bae00000,0x00000006bb42ae70,0x00000006bc2c0000)
Event: 61.000 GC heap after
Heap after GC invocations=30 (full 6):
 PSYoungGen      total 840064K, used 38038K [0x0000000795560000, 0x00000007dd510000, 0x0000000800000000)
  eden space 548416K, 0% used [0x0000000795560000,0x0000000795560000,0x00000007b6cf0000)
  from space 291648K, 13% used [0x00000007c98d0000,0x00000007cbdf5be0,0x00000007db5a0000)
  to   space 307072K, 0% used [0x00000007b6cf0000,0x00000007b6cf0000,0x00000007c98d0000)
 ParOldGen       total 706880K, used 706879K [0x00000006c0000000, 0x00000006eb250000, 0x0000000795560000)
  object space 706880K, 99% used [0x00000006c0000000,0x00000006eb24feb8,0x00000006eb250000)
 PSPermGen       total 21248K, used 6315K [0x00000006bae00000, 0x00000006bc2c0000, 0x00000006c0000000)
  object space 21248K, 29% used [0x00000006bae00000,0x00000006bb42add0,0x00000006bc2c0000)
}

