# JRE version: 7.0_07-b10
# Java VM: Java HotSpot(TM) 64-Bit Server VM (23.3-b01 mixed mode windows-amd64 compressed oops)
Heap
 PSYoungGen      total 489600K, used 416283K [0x0000000795560000, 0x00000007bebc0000, 0x0000000800000000)
  eden space 379520K, 83% used [0x0000000795560000,0x00000007a8c4c2b8,0x00000007ac800000)
  from space 110080K, 88% used [0x00000007ac800000,0x00000007b279a970,0x00000007b3380000)
  to   space 124480K, 0% used [0x00000007b7230000,0x00000007b7230000,0x00000007bebc0000)
 ParOldGen       total 398528K, used 316323K [0x00000006c0000000, 0x00000006d8530000, 0x0000000795560000)
  object space 398528K, 79% used [0x00000006c0000000,0x00000006d34e8d50,0x00000006d8530000)
 PSPermGen       total 21248K, used 6407K [0x00000006bae00000, 0x00000006bc2c0000, 0x00000006c0000000)
  object space 21248K, 30% used [0x00000006bae00000,0x00000006bb441dd8,0x00000006bc2c0000)
GC Heap History (10 events):
Event: 27.248 GC heap before
{Heap before GC invocations=16 (full 2):
 PSYoungGen      total 381184K, used 381173K [0x0000000795560000, 0x00000007b4e00000, 0x0000000800000000)
  eden space 318400K, 100% used [0x0000000795560000,0x00000007a8c50000,0x00000007a8c50000)
  from space 62784K, 99% used [0x00000007a8c50000,0x00000007ac99d6e0,0x00000007ac9a0000)
  to   space 77376K, 0% used [0x00000007b0270000,0x00000007b0270000,0x00000007b4e00000)
 ParOldGen       total 239168K, used 139585K [0x00000006c0000000, 0x00000006ce990000, 0x0000000795560000)
  object space 239168K, 58% used [0x00000006c0000000,0x00000006c8850690,0x00000006ce990000)
 PSPermGen       total 21248K, used 6327K [0x00000006bae00000, 0x00000006bc2c0000, 0x00000006c0000000)
  object space 21248K, 29% used [0x00000006bae00000,0x00000006bb42dd18,0x00000006bc2c0000)
Event: 27.653 GC heap after
Heap after GC invocations=16 (full 2):
 PSYoungGen      total 438592K, used 42754K [0x0000000795560000, 0x00000007b57f0000, 0x0000000800000000)
  eden space 361216K, 0% used [0x0000000795560000,0x0000000795560000,0x00000007ab620000)
  from space 77376K, 55% used [0x00000007b0270000,0x00000007b2c308f0,0x00000007b4e00000)
  to   space 78144K, 0% used [0x00000007ab620000,0x00000007ab620000,0x00000007b0270000)
 ParOldGen       total 239168K, used 202684K [0x00000006c0000000, 0x00000006ce990000, 0x0000000795560000)
  object space 239168K, 84% used [0x00000006c0000000,0x00000006cc5ef240,0x00000006ce990000)
 PSPermGen       total 21248K, used 6327K [0x00000006bae00000, 0x00000006bc2c0000, 0x00000006c0000000)
  object space 21248K, 29% used [0x00000006bae00000,0x00000006bb42dd18,0x00000006bc2c0000)
}
Event: 27.654 GC heap before
{Heap before GC invocations=17 (full 3):
 PSYoungGen      total 438592K, used 42754K [0x0000000795560000, 0x00000007b57f0000, 0x0000000800000000)
  eden space 361216K, 0% used [0x0000000795560000,0x0000000795560000,0x00000007ab620000)
  from space 77376K, 55% used [0x00000007b0270000,0x00000007b2c308f0,0x00000007b4e00000)
  to   space 78144K, 0% used [0x00000007ab620000,0x00000007ab620000,0x00000007b0270000)
 ParOldGen       total 239168K, used 202684K [0x00000006c0000000, 0x00000006ce990000, 0x0000000795560000)
  object space 239168K, 84% used [0x00000006c0000000,0x00000006cc5ef240,0x00000006ce990000)
 PSPermGen       total 21248K, used 6327K [0x00000006bae00000, 0x00000006bc2c0000, 0x00000006c0000000)
  object space 21248K, 29% used [0x00000006bae00000,0x00000006bb42dd18,0x00000006bc2c0000)
Event: 31.044 GC heap after
Heap after GC invocations=17 (full 3):
 PSYoungGen      total 438592K, used 1877K [0x0000000795560000, 0x00000007b57f0000, 0x0000000800000000)
  eden space 361216K, 0% used [0x0000000795560000,0x0000000795560000,0x00000007ab620000)
  from space 77376K, 2% used [0x00000007b0270000,0x00000007b04457e0,0x00000007b4e00000)
  to   space 78144K, 0% used [0x00000007ab620000,0x00000007ab620000,0x00000007b0270000)
 ParOldGen       total 398528K, used 239165K [0x00000006c0000000, 0x00000006d8530000, 0x0000000795560000)
  object space 398528K, 60% used [0x00000006c0000000,0x00000006ce98f600,0x00000006d8530000)
 PSPermGen       total 21248K, used 6327K [0x00000006bae00000, 0x00000006bc2c0000, 0x00000006c0000000)
  object space 21248K, 29% used [0x00000006bae00000,0x00000006bb42dc38,0x00000006bc2c0000)
}
Event: 34.825 GC heap before
{Heap before GC invocations=18 (full 3):
 PSYoungGen      total 438592K, used 363093K [0x0000000795560000, 0x00000007b57f0000, 0x0000000800000000)
  eden space 361216K, 100% used [0x0000000795560000,0x00000007ab620000,0x00000007ab620000)
  from space 77376K, 2% used [0x00000007b0270000,0x00000007b04457e0,0x00000007b4e00000)
  to   space 78144K, 0% used [0x00000007ab620000,0x00000007ab620000,0x00000007b0270000)
 ParOldGen       total 398528K, used 239165K [0x00000006c0000000, 0x00000006d8530000, 0x0000000795560000)
  object space 398528K, 60% used [0x00000006c0000000,0x00000006ce98f600,0x00000006d8530000)
 PSPermGen       total 21248K, used 6332K [0x00000006bae00000, 0x00000006bc2c0000, 0x00000006c0000000)
  object space 21248K, 29% used [0x00000006bae00000,0x00000006bb42f338,0x00000006bc2c0000)
Event: 35.070 GC heap after
Heap after GC invocations=18 (full 3):
 PSYoungGen      total 439360K, used 60933K [0x0000000795560000, 0x00000007b8690000, 0x0000000800000000)
  eden space 361216K, 0% used [0x0000000795560000,0x0000000795560000,0x00000007ab620000)
  from space 78144K, 77% used [0x00000007ab620000,0x00000007af1a1650,0x00000007b0270000)
  to   space 85056K, 0% used [0x00000007b3380000,0x00000007b3380000,0x00000007b8690000)
 ParOldGen       total 398528K, used 239165K [0x00000006c0000000, 0x00000006d8530000, 0x0000000795560000)
  object space 398528K, 60% used [0x00000006c0000000,0x00000006ce98f600,0x00000006d8530000)
 PSPermGen       total 21248K, used 6332K [0x00000006bae00000, 0x00000006bc2c0000, 0x00000006c0000000)
  object space 21248K, 29% used [0x00000006bae00000,0x00000006bb42f338,0x00000006bc2c0000)
}
Event: 36.325 GC heap before
{Heap before GC invocations=19 (full 3):
 PSYoungGen      total 439360K, used 422149K [0x0000000795560000, 0x00000007b8690000, 0x0000000800000000)
  eden space 361216K, 100% used [0x0000000795560000,0x00000007ab620000,0x00000007ab620000)
  from space 78144K, 77% used [0x00000007ab620000,0x00000007af1a1650,0x00000007b0270000)
  to   space 85056K, 0% used [0x00000007b3380000,0x00000007b3380000,0x00000007b8690000)
 ParOldGen       total 398528K, used 239165K [0x00000006c0000000, 0x00000006d8530000, 0x0000000795560000)
  object space 398528K, 60% used [0x00000006c0000000,0x00000006ce98f660,0x00000006d8530000)
 PSPermGen       total 21248K, used 6343K [0x00000006bae00000, 0x00000006bc2c0000, 0x00000006c0000000)
  object space 21248K, 29% used [0x00000006bae00000,0x00000006bb431de8,0x00000006bc2c0000)
Event: 36.571 GC heap after
Heap after GC invocations=19 (full 3):
 PSYoungGen      total 464576K, used 85028K [0x0000000795560000, 0x00000007bc2c0000, 0x0000000800000000)
  eden space 379520K, 0% used [0x0000000795560000,0x0000000795560000,0x00000007ac800000)
  from space 85056K, 99% used [0x00000007b3380000,0x00000007b86891b8,0x00000007b8690000)
  to   space 110080K, 0% used [0x00000007ac800000,0x00000007ac800000,0x00000007b3380000)
 ParOldGen       total 398528K, used 268171K [0x00000006c0000000, 0x00000006d8530000, 0x0000000795560000)
  object space 398528K, 67% used [0x00000006c0000000,0x00000006d05e2f28,0x00000006d8530000)
 PSPermGen       total 21248K, used 6343K [0x00000006bae00000, 0x00000006bc2c0000, 0x00000006c0000000)
  object space 21248K, 29% used [0x00000006bae00000,0x00000006bb431de8,0x00000006bc2c0000)
}
Event: 37.639 GC heap before
{Heap before GC invocations=20 (full 3):
 PSYoungGen      total 464576K, used 464548K [0x0000000795560000, 0x00000007bc2c0000, 0x0000000800000000)
  eden space 379520K, 100% used [0x0000000795560000,0x00000007ac800000,0x00000007ac800000)
  from space 85056K, 99% used [0x00000007b3380000,0x00000007b86891b8,0x00000007b8690000)
  to   space 110080K, 0% used [0x00000007ac800000,0x00000007ac800000,0x00000007b3380000)
 ParOldGen       total 398528K, used 268173K [0x00000006c0000000, 0x00000006d8530000, 0x0000000795560000)
  object space 398528K, 67% used [0x00000006c0000000,0x00000006d05e3638,0x00000006d8530000)
 PSPermGen       total 21248K, used 6397K [0x00000006bae00000, 0x00000006bc2c0000, 0x00000006c0000000)
  object space 21248K, 30% used [0x00000006bae00000,0x00000006bb43f7c8,0x00000006bc2c0000)
Event: 37.999 GC heap after
Heap after GC invocations=20 (full 3):
 PSYoungGen      total 489600K, used 97898K [0x0000000795560000, 0x00000007bebc0000, 0x0000000800000000)
  eden space 379520K, 0% used [0x0000000795560000,0x0000000795560000,0x00000007ac800000)
  from space 110080K, 88% used [0x00000007ac800000,0x00000007b279a970,0x00000007b3380000)
  to   space 124480K, 0% used [0x00000007b7230000,0x00000007b7230000,0x00000007bebc0000)
 ParOldGen       total 398528K, used 316323K [0x00000006c0000000, 0x00000006d8530000, 0x0000000795560000)
  object space 398528K, 79% used [0x00000006c0000000,0x00000006d34e8d50,0x00000006d8530000)
 PSPermGen       total 21248K, used 6397K [0x00000006bae00000, 0x00000006bc2c0000, 0x00000006c0000000)
  object space 21248K, 30% used [0x00000006bae00000,0x00000006bb43f7c8,0x00000006bc2c0000)
}

