# JRE version: 7.0_07-b10
# Java VM: Java HotSpot(TM) 64-Bit Server VM (23.3-b01 mixed mode windows-amd64 compressed oops)
Heap
 PSYoungGen      total 452096K, used 328505K [0x0000000795560000, 0x00000007be290000, 0x0000000800000000)
  eden space 275968K, 74% used [0x0000000795560000,0x00000007a1eb4d88,0x00000007a62e0000)
  from space 176128K, 69% used [0x00000007b3690000,0x00000007bae096d0,0x00000007be290000)
  to   space 184768K, 0% used [0x00000007a62e0000,0x00000007a62e0000,0x00000007b1750000)
 ParOldGen       total 706752K, used 398259K [0x00000006c0000000, 0x00000006eb230000, 0x0000000795560000)
  object space 706752K, 56% used [0x00000006c0000000,0x00000006d84ecd78,0x00000006eb230000)
 PSPermGen       total 21248K, used 6260K [0x00000006bae00000, 0x00000006bc2c0000, 0x00000006c0000000)
  object space 21248K, 29% used [0x00000006bae00000,0x00000006bb41d160,0x00000006bc2c0000)
GC Heap History (10 events):
Event: 39.460 GC heap before
{Heap before GC invocations=21 (full 4):
 PSYoungGen      total 392128K, used 321278K [0x0000000795560000, 0x00000007bac90000, 0x0000000800000000)
  eden space 304960K, 100% used [0x0000000795560000,0x00000007a7f30000,0x00000007a7f30000)
  from space 87168K, 18% used [0x00000007b0580000,0x00000007b156f8f0,0x00000007b5aa0000)
  to   space 137536K, 0% used [0x00000007a7f30000,0x00000007a7f30000,0x00000007b0580000)
 ParOldGen       total 661184K, used 425597K [0x00000006c0000000, 0x00000006e85b0000, 0x0000000795560000)
  object space 661184K, 64% used [0x00000006c0000000,0x00000006d9f9f780,0x00000006e85b0000)
 PSPermGen       total 21248K, used 6229K [0x00000006bae00000, 0x00000006bc2c0000, 0x00000006c0000000)
  object space 21248K, 29% used [0x00000006bae00000,0x00000006bb415778,0x00000006bc2c0000)
Event: 39.718 GC heap after
Heap after GC invocations=21 (full 4):
 PSYoungGen      total 442496K, used 54871K [0x0000000795560000, 0x00000007b9680000, 0x0000000800000000)
  eden space 304960K, 0% used [0x0000000795560000,0x0000000795560000,0x00000007a7f30000)
  from space 137536K, 39% used [0x00000007a7f30000,0x00000007ab4c5cd0,0x00000007b0580000)
  to   space 130240K, 0% used [0x00000007b1750000,0x00000007b1750000,0x00000007b9680000)
 ParOldGen       total 661184K, used 442413K [0x00000006c0000000, 0x00000006e85b0000, 0x0000000795560000)
  object space 661184K, 66% used [0x00000006c0000000,0x00000006db00b780,0x00000006e85b0000)
 PSPermGen       total 21248K, used 6229K [0x00000006bae00000, 0x00000006bc2c0000, 0x00000006c0000000)
  object space 21248K, 29% used [0x00000006bae00000,0x00000006bb415778,0x00000006bc2c0000)
}
Event: 41.088 GC heap before
{Heap before GC invocations=22 (full 4):
 PSYoungGen      total 442496K, used 359831K [0x0000000795560000, 0x00000007b9680000, 0x0000000800000000)
  eden space 304960K, 100% used [0x0000000795560000,0x00000007a7f30000,0x00000007a7f30000)
  from space 137536K, 39% used [0x00000007a7f30000,0x00000007ab4c5cd0,0x00000007b0580000)
  to   space 130240K, 0% used [0x00000007b1750000,0x00000007b1750000,0x00000007b9680000)
 ParOldGen       total 661184K, used 442413K [0x00000006c0000000, 0x00000006e85b0000, 0x0000000795560000)
  object space 661184K, 66% used [0x00000006c0000000,0x00000006db00b780,0x00000006e85b0000)
 PSPermGen       total 21248K, used 6232K [0x00000006bae00000, 0x00000006bc2c0000, 0x00000006c0000000)
  object space 21248K, 29% used [0x00000006bae00000,0x00000006bb4162c0,0x00000006bc2c0000)
Event: 41.602 GC heap after
Heap after GC invocations=22 (full 4):
 PSYoungGen      total 406208K, used 130227K [0x0000000795560000, 0x00000007c0700000, 0x0000000800000000)
  eden space 275968K, 0% used [0x0000000795560000,0x0000000795560000,0x00000007a62e0000)
  from space 130240K, 99% used [0x00000007b1750000,0x00000007b967cf20,0x00000007b9680000)
  to   space 184768K, 0% used [0x00000007a62e0000,0x00000007a62e0000,0x00000007b1750000)
 ParOldGen       total 661184K, used 532475K [0x00000006c0000000, 0x00000006e85b0000, 0x0000000795560000)
  object space 661184K, 80% used [0x00000006c0000000,0x00000006e07fed90,0x00000006e85b0000)
 PSPermGen       total 21248K, used 6232K [0x00000006bae00000, 0x00000006bc2c0000, 0x00000006c0000000)
  object space 21248K, 29% used [0x00000006bae00000,0x00000006bb4162c0,0x00000006bc2c0000)
}
Event: 42.754 GC heap before
{Heap before GC invocations=23 (full 4):
 PSYoungGen      total 406208K, used 406195K [0x0000000795560000, 0x00000007c0700000, 0x0000000800000000)
  eden space 275968K, 100% used [0x0000000795560000,0x00000007a62e0000,0x00000007a62e0000)
  from space 130240K, 99% used [0x00000007b1750000,0x00000007b967cf20,0x00000007b9680000)
  to   space 184768K, 0% used [0x00000007a62e0000,0x00000007a62e0000,0x00000007b1750000)
 ParOldGen       total 661184K, used 532475K [0x00000006c0000000, 0x00000006e85b0000, 0x0000000795560000)
  object space 661184K, 80% used [0x00000006c0000000,0x00000006e07fed90,0x00000006e85b0000)
 PSPermGen       total 21248K, used 6233K [0x00000006bae00000, 0x00000006bc2c0000, 0x00000006c0000000)
  object space 21248K, 29% used [0x00000006bae00000,0x00000006bb416560,0x00000006bc2c0000)
Event: 43.868 GC heap after
Heap after GC invocations=23 (full 4):
 PSYoungGen      total 460736K, used 50874K [0x0000000795560000, 0x00000007be290000, 0x0000000800000000)
  eden space 275968K, 0% used [0x0000000795560000,0x0000000795560000,0x00000007a62e0000)
  from space 184768K, 27% used [0x00000007a62e0000,0x00000007a948ea40,0x00000007b1750000)
  to   space 176128K, 0% used [0x00000007b3690000,0x00000007b3690000,0x00000007be290000)
 ParOldGen       total 661184K, used 642450K [0x00000006c0000000, 0x00000006e85b0000, 0x0000000795560000)
  object space 661184K, 97% used [0x00000006c0000000,0x00000006e7364bd0,0x00000006e85b0000)
 PSPermGen       total 21248K, used 6233K [0x00000006bae00000, 0x00000006bc2c0000, 0x00000006c0000000)
  object space 21248K, 29% used [0x00000006bae00000,0x00000006bb416560,0x00000006bc2c0000)
}
Event: 43.868 GC heap before
{Heap before GC invocations=24 (full 5):
 PSYoungGen      total 460736K, used 50874K [0x0000000795560000, 0x00000007be290000, 0x0000000800000000)
  eden space 275968K, 0% used [0x0000000795560000,0x0000000795560000,0x00000007a62e0000)
  from space 184768K, 27% used [0x00000007a62e0000,0x00000007a948ea40,0x00000007b1750000)
  to   space 176128K, 0% used [0x00000007b3690000,0x00000007b3690000,0x00000007be290000)
 ParOldGen       total 661184K, used 642450K [0x00000006c0000000, 0x00000006e85b0000, 0x0000000795560000)
  object space 661184K, 97% used [0x00000006c0000000,0x00000006e7364bd0,0x00000006e85b0000)
 PSPermGen       total 21248K, used 6233K [0x00000006bae00000, 0x00000006bc2c0000, 0x00000006c0000000)
  object space 21248K, 29% used [0x00000006bae00000,0x00000006bb416560,0x00000006bc2c0000)
Event: 47.225 GC heap after
Heap after GC invocations=24 (full 5):
 PSYoungGen      total 460736K, used 0K [0x0000000795560000, 0x00000007be290000, 0x0000000800000000)
  eden space 275968K, 0% used [0x0000000795560000,0x0000000795560000,0x00000007a62e0000)
  from space 184768K, 0% used [0x00000007a62e0000,0x00000007a62e0000,0x00000007b1750000)
  to   space 176128K, 0% used [0x00000007b3690000,0x00000007b3690000,0x00000007be290000)
 ParOldGen       total 706752K, used 398259K [0x00000006c0000000, 0x00000006eb230000, 0x0000000795560000)
  object space 706752K, 56% used [0x00000006c0000000,0x00000006d84ecd78,0x00000006eb230000)
 PSPermGen       total 21248K, used 6233K [0x00000006bae00000, 0x00000006bc2c0000, 0x00000006c0000000)
  object space 21248K, 29% used [0x00000006bae00000,0x00000006bb4164e0,0x00000006bc2c0000)
}
Event: 48.474 GC heap before
{Heap before GC invocations=25 (full 5):
 PSYoungGen      total 460736K, used 275968K [0x0000000795560000, 0x00000007be290000, 0x0000000800000000)
  eden space 275968K, 100% used [0x0000000795560000,0x00000007a62e0000,0x00000007a62e0000)
  from space 184768K, 0% used [0x00000007a62e0000,0x00000007a62e0000,0x00000007b1750000)
  to   space 176128K, 0% used [0x00000007b3690000,0x00000007b3690000,0x00000007be290000)
 ParOldGen       total 706752K, used 398259K [0x00000006c0000000, 0x00000006eb230000, 0x0000000795560000)
  object space 706752K, 56% used [0x00000006c0000000,0x00000006d84ecd78,0x00000006eb230000)
 PSPermGen       total 21248K, used 6233K [0x00000006bae00000, 0x00000006bc2c0000, 0x00000006c0000000)
  object space 21248K, 29% used [0x00000006bae00000,0x00000006bb4164e0,0x00000006bc2c0000)
Event: 48.566 GC heap after
Heap after GC invocations=25 (full 5):
 PSYoungGen      total 452096K, used 122341K [0x0000000795560000, 0x00000007be290000, 0x0000000800000000)
  eden space 275968K, 0% used [0x0000000795560000,0x0000000795560000,0x00000007a62e0000)
  from space 176128K, 69% used [0x00000007b3690000,0x00000007bae096d0,0x00000007be290000)
  to   space 184768K, 0% used [0x00000007a62e0000,0x00000007a62e0000,0x00000007b1750000)
 ParOldGen       total 706752K, used 398259K [0x00000006c0000000, 0x00000006eb230000, 0x0000000795560000)
  object space 706752K, 56% used [0x00000006c0000000,0x00000006d84ecd78,0x00000006eb230000)
 PSPermGen       total 21248K, used 6233K [0x00000006bae00000, 0x00000006bc2c0000, 0x00000006c0000000)
  object space 21248K, 29% used [0x00000006bae00000,0x00000006bb4164e0,0x00000006bc2c0000)
}

