# JRE version: 7.0_07-b10
# Java VM: Java HotSpot(TM) 64-Bit Server VM (23.3-b01 mixed mode windows-amd64 compressed oops)
Heap
 PSYoungGen      total 730560K, used 297161K [0x0000000795560000, 0x00000007dbb20000, 0x0000000800000000)
  eden space 490688K, 60% used [0x0000000795560000,0x00000007a7792598,0x00000007b3490000)
  from space 239872K, 0% used [0x00000007b3490000,0x00000007b3490000,0x00000007c1ed0000)
  to   space 292544K, 0% used [0x00000007c9d70000,0x00000007c9d70000,0x00000007dbb20000)
 ParOldGen       total 745664K, used 745661K [0x00000006c0000000, 0x00000006ed830000, 0x0000000795560000)
  object space 745664K, 99% used [0x00000006c0000000,0x00000006ed82f4f8,0x00000006ed830000)
 PSPermGen       total 21248K, used 6411K [0x00000006bae00000, 0x00000006bc2c0000, 0x00000006c0000000)
  object space 21248K, 30% used [0x00000006bae00000,0x00000006bb442d60,0x00000006bc2c0000)
GC Heap History (10 events):
Event: 88.412 GC heap before
{Heap before GC invocations=26 (full 5):
 PSYoungGen      total 698688K, used 693385K [0x0000000795560000, 0x00000007d2bb0000, 0x0000000800000000)
  eden space 490688K, 100% used [0x0000000795560000,0x00000007b3490000,0x00000007b3490000)
  from space 208000K, 97% used [0x00000007c1ed0000,0x00000007ce4c2790,0x00000007ce9f0000)
  to   space 239872K, 0% used [0x00000007b3490000,0x00000007b3490000,0x00000007c1ed0000)
 ParOldGen       total 745664K, used 439017K [0x00000006c0000000, 0x00000006ed830000, 0x0000000795560000)
  object space 745664K, 58% used [0x00000006c0000000,0x00000006dacba698,0x00000006ed830000)
 PSPermGen       total 21248K, used 6312K [0x00000006bae00000, 0x00000006bc2c0000, 0x00000006c0000000)
  object space 21248K, 29% used [0x00000006bae00000,0x00000006bb42a1c0,0x00000006bc2c0000)
Event: 89.828 GC heap after
Heap after GC invocations=26 (full 5):
 PSYoungGen      total 730560K, used 239843K [0x0000000795560000, 0x00000007dbb20000, 0x0000000800000000)
  eden space 490688K, 0% used [0x0000000795560000,0x0000000795560000,0x00000007b3490000)
  from space 239872K, 99% used [0x00000007b3490000,0x00000007c1ec8c78,0x00000007c1ed0000)
  to   space 292544K, 0% used [0x00000007c9d70000,0x00000007c9d70000,0x00000007dbb20000)
 ParOldGen       total 745664K, used 475341K [0x00000006c0000000, 0x00000006ed830000, 0x0000000795560000)
  object space 745664K, 63% used [0x00000006c0000000,0x00000006dd0335d0,0x00000006ed830000)
 PSPermGen       total 21248K, used 6312K [0x00000006bae00000, 0x00000006bc2c0000, 0x00000006c0000000)
  object space 21248K, 29% used [0x00000006bae00000,0x00000006bb42a1c0,0x00000006bc2c0000)
}
Event: 92.970 GC heap before
{Heap before GC invocations=27 (full 5):
 PSYoungGen      total 730560K, used 730531K [0x0000000795560000, 0x00000007dbb20000, 0x0000000800000000)
  eden space 490688K, 100% used [0x0000000795560000,0x00000007b3490000,0x00000007b3490000)
  from space 239872K, 99% used [0x00000007b3490000,0x00000007c1ec8c78,0x00000007c1ed0000)
  to   space 292544K, 0% used [0x00000007c9d70000,0x00000007c9d70000,0x00000007dbb20000)
 ParOldGen       total 745664K, used 475341K [0x00000006c0000000, 0x00000006ed830000, 0x0000000795560000)
  object space 745664K, 63% used [0x00000006c0000000,0x00000006dd0335d0,0x00000006ed830000)
 PSPermGen       total 21248K, used 6314K [0x00000006bae00000, 0x00000006bc2c0000, 0x00000006c0000000)
  object space 21248K, 29% used [0x00000006bae00000,0x00000006bb42a9b8,0x00000006bc2c0000)
Event: 95.798 GC heap after
Heap after GC invocations=27 (full 5):
 PSYoungGen      total 783232K, used 266244K [0x0000000795560000, 0x00000007dbb20000, 0x0000000800000000)
  eden space 490688K, 0% used [0x0000000795560000,0x0000000795560000,0x00000007b3490000)
  from space 292544K, 91% used [0x00000007c9d70000,0x00000007da171310,0x00000007dbb20000)
  to   space 239872K, 0% used [0x00000007b3490000,0x00000007b3490000,0x00000007c1ed0000)
 ParOldGen       total 745664K, used 520649K [0x00000006c0000000, 0x00000006ed830000, 0x0000000795560000)
  object space 745664K, 69% used [0x00000006c0000000,0x00000006dfc725c0,0x00000006ed830000)
 PSPermGen       total 21248K, used 6314K [0x00000006bae00000, 0x00000006bc2c0000, 0x00000006c0000000)
  object space 21248K, 29% used [0x00000006bae00000,0x00000006bb42a9b8,0x00000006bc2c0000)
}
Event: 100.779 GC heap before
{Heap before GC invocations=28 (full 5):
 PSYoungGen      total 783232K, used 756932K [0x0000000795560000, 0x00000007dbb20000, 0x0000000800000000)
  eden space 490688K, 100% used [0x0000000795560000,0x00000007b3490000,0x00000007b3490000)
  from space 292544K, 91% used [0x00000007c9d70000,0x00000007da171310,0x00000007dbb20000)
  to   space 239872K, 0% used [0x00000007b3490000,0x00000007b3490000,0x00000007c1ed0000)
 ParOldGen       total 745664K, used 520649K [0x00000006c0000000, 0x00000006ed830000, 0x0000000795560000)
  object space 745664K, 69% used [0x00000006c0000000,0x00000006dfc725c0,0x00000006ed830000)
 PSPermGen       total 21248K, used 6369K [0x00000006bae00000, 0x00000006bc2c0000, 0x00000006c0000000)
  object space 21248K, 29% used [0x00000006bae00000,0x00000006bb4387c0,0x00000006bc2c0000)
Event: 102.440 GC heap after
Heap after GC invocations=28 (full 5):
 PSYoungGen      total 730560K, used 239852K [0x0000000795560000, 0x00000007dbb20000, 0x0000000800000000)
  eden space 490688K, 0% used [0x0000000795560000,0x0000000795560000,0x00000007b3490000)
  from space 239872K, 99% used [0x00000007b3490000,0x00000007c1ecb2a0,0x00000007c1ed0000)
  to   space 292544K, 0% used [0x00000007c9d70000,0x00000007c9d70000,0x00000007dbb20000)
 ParOldGen       total 745664K, used 623131K [0x00000006c0000000, 0x00000006ed830000, 0x0000000795560000)
  object space 745664K, 83% used [0x00000006c0000000,0x00000006e6086db8,0x00000006ed830000)
 PSPermGen       total 21248K, used 6369K [0x00000006bae00000, 0x00000006bc2c0000, 0x00000006c0000000)
  object space 21248K, 29% used [0x00000006bae00000,0x00000006bb4387c0,0x00000006bc2c0000)
}
Event: 102.440 GC heap before
{Heap before GC invocations=29 (full 6):
 PSYoungGen      total 730560K, used 239852K [0x0000000795560000, 0x00000007dbb20000, 0x0000000800000000)
  eden space 490688K, 0% used [0x0000000795560000,0x0000000795560000,0x00000007b3490000)
  from space 239872K, 99% used [0x00000007b3490000,0x00000007c1ecb2a0,0x00000007c1ed0000)
  to   space 292544K, 0% used [0x00000007c9d70000,0x00000007c9d70000,0x00000007dbb20000)
 ParOldGen       total 745664K, used 623131K [0x00000006c0000000, 0x00000006ed830000, 0x0000000795560000)
  object space 745664K, 83% used [0x00000006c0000000,0x00000006e6086db8,0x00000006ed830000)
 PSPermGen       total 21248K, used 6369K [0x00000006bae00000, 0x00000006bc2c0000, 0x00000006c0000000)
  object space 21248K, 29% used [0x00000006bae00000,0x00000006bb4387c0,0x00000006bc2c0000)
Event: 118.016 GC heap after
Heap after GC invocations=29 (full 6):
 PSYoungGen      total 730560K, used 108120K [0x0000000795560000, 0x00000007dbb20000, 0x0000000800000000)
  eden space 490688K, 0% used [0x0000000795560000,0x0000000795560000,0x00000007b3490000)
  from space 239872K, 45% used [0x00000007b3490000,0x00000007b9e261f8,0x00000007c1ed0000)
  to   space 292544K, 0% used [0x00000007c9d70000,0x00000007c9d70000,0x00000007dbb20000)
 ParOldGen       total 745664K, used 745660K [0x00000006c0000000, 0x00000006ed830000, 0x0000000795560000)
  object space 745664K, 99% used [0x00000006c0000000,0x00000006ed82f278,0x00000006ed830000)
 PSPermGen       total 21248K, used 6369K [0x00000006bae00000, 0x00000006bc2c0000, 0x00000006c0000000)
  object space 21248K, 29% used [0x00000006bae00000,0x00000006bb438690,0x00000006bc2c0000)
}
Event: 121.627 GC heap before
{Heap before GC invocations=30 (full 7):
 PSYoungGen      total 730560K, used 598808K [0x0000000795560000, 0x00000007dbb20000, 0x0000000800000000)
  eden space 490688K, 100% used [0x0000000795560000,0x00000007b3490000,0x00000007b3490000)
  from space 239872K, 45% used [0x00000007b3490000,0x00000007b9e261f8,0x00000007c1ed0000)
  to   space 292544K, 0% used [0x00000007c9d70000,0x00000007c9d70000,0x00000007dbb20000)
 ParOldGen       total 745664K, used 745660K [0x00000006c0000000, 0x00000006ed830000, 0x0000000795560000)
  object space 745664K, 99% used [0x00000006c0000000,0x00000006ed82f278,0x00000006ed830000)
 PSPermGen       total 21248K, used 6411K [0x00000006bae00000, 0x00000006bc2c0000, 0x00000006c0000000)
  object space 21248K, 30% used [0x00000006bae00000,0x00000006bb442d48,0x00000006bc2c0000)
Event: 131.593 GC heap after
Heap after GC invocations=30 (full 7):
 PSYoungGen      total 730560K, used 173801K [0x0000000795560000, 0x00000007dbb20000, 0x0000000800000000)
  eden space 490688K, 35% used [0x0000000795560000,0x000000079ff1a610,0x00000007b3490000)
  from space 239872K, 0% used [0x00000007b3490000,0x00000007b3490000,0x00000007c1ed0000)
  to   space 292544K, 0% used [0x00000007c9d70000,0x00000007c9d70000,0x00000007dbb20000)
 ParOldGen       total 745664K, used 745661K [0x00000006c0000000, 0x00000006ed830000, 0x0000000795560000)
  object space 745664K, 99% used [0x00000006c0000000,0x00000006ed82f4f8,0x00000006ed830000)
 PSPermGen       total 21248K, used 6411K [0x00000006bae00000, 0x00000006bc2c0000, 0x00000006c0000000)
  object space 21248K, 30% used [0x00000006bae00000,0x00000006bb442c88,0x00000006bc2c0000)
}

